This file contains any messages produced by compilers while
running configure, to aid debugging if configure makes a mistake.

It was created by configure, which was
generated by GNU Autoconf 2.64.  Invocation command line was

  $ ../gcc-4.7.1/configure --target=mips --prefix=/root/toolchain-install/install --with-mpfr=/root/toolchain-install/lib_install --with-gmp=/root/toolchain-install/lib_install --with-mpc=/root/toolchain-install/lib_install --enable-interwork --disable-multilib --enable-languages=c,c++ --with-newlib --with-gnu-as --with-gnu-ld --disable-nls --disable-shared --disable-threads --with-headers=newlib/libc/include --disable-werror --with-system-zlib --disable-newlib-supplied-syscalls

## --------- ##
## Platform. ##
## --------- ##

hostname = localhost
uname -m = i686
uname -r = 2.6.31.12-174.2.22.fc12.i686.PAE
uname -s = Linux
uname -v = #1 SMP Fri Feb 19 19:10:04 UTC 2010

/usr/bin/uname -p = unknown
/bin/uname -X     = unknown

/bin/arch              = i686
/usr/bin/arch -k       = unknown
/usr/convex/getsysinfo = unknown
/usr/bin/hostinfo      = unknown
/bin/machine           = unknown
/usr/bin/oslevel       = unknown
/bin/universe          = unknown

PATH: /root/toolchain-install/install/bin
PATH: /usr/lib/qt-3.3/bin
PATH: /usr/lib/mpich2/bin
PATH: /usr/kerberos/sbin
PATH: /usr/kerberos/bin
PATH: /usr/lib/ccache
PATH: /usr/local/sbin
PATH: /usr/sbin
PATH: /sbin
PATH: /usr/bin
PATH: /bin
PATH: /usr/local/bin
PATH: /root/bin


## ----------- ##
## Core tests. ##
## ----------- ##

configure:2237: checking build system type
configure:2251: result: i686-pc-linux-gnu
configure:2298: checking host system type
configure:2311: result: i686-pc-linux-gnu
configure:2331: checking target system type
configure:2344: result: mips-unknown-elf
configure:2398: checking for a BSD-compatible install
configure:2466: result: /usr/bin/install -c
configure:2477: checking whether ln works
configure:2499: result: yes
configure:2503: checking whether ln -s works
configure:2507: result: yes
configure:2514: checking for a sed that does not truncate output
configure:2578: result: /bin/sed
configure:2587: checking for gawk
configure:2603: found /usr/bin/gawk
configure:2614: result: gawk
configure:3070: checking for libitm support
configure:3076: result: no
configure:3769: checking for gcc
configure:3785: found /usr/lib/ccache/gcc
configure:3796: result: gcc
configure:4025: checking for C compiler version
configure:4034: gcc --version >&5
gcc (GCC) 4.4.3 20100127 (Red Hat 4.4.3-4)
Copyright (C) 2010 Free Software Foundation, Inc.
This is free software; see the source for copying conditions.  There is NO
warranty; not even for MERCHANTABILITY or FITNESS FOR A PARTICULAR PURPOSE.

configure:4045: $? = 0
configure:4034: gcc -v >&5
Using built-in specs.
Target: i686-redhat-linux
Configured with: ../configure --prefix=/usr --mandir=/usr/share/man --infodir=/usr/share/info --with-bugurl=http://bugzilla.redhat.com/bugzilla --enable-bootstrap --enable-shared --enable-threads=posix --enable-checking=release --with-system-zlib --enable-__cxa_atexit --disable-libunwind-exceptions --enable-gnu-unique-object --enable-languages=c,c++,objc,obj-c++,java,fortran,ada --enable-java-awt=gtk --disable-dssi --enable-plugin --with-java-home=/usr/lib/jvm/java-1.5.0-gcj-1.5.0.0/jre --enable-libgcj-multifile --enable-java-maintainer-mode --with-ecj-jar=/usr/share/java/eclipse-ecj.jar --disable-libjava-multilib --with-ppl --with-cloog --with-tune=generic --with-arch=i686 --build=i686-redhat-linux
Thread model: posix
gcc version 4.4.3 20100127 (Red Hat 4.4.3-4) (GCC) 
configure:4045: $? = 0
configure:4034: gcc -V >&5
gcc: '-V' option must have argument
configure:4045: $? = 1
configure:4034: gcc -qversion >&5
gcc: unrecognized option '-qversion'
gcc: no input files
configure:4045: $? = 1
configure:4065: checking for C compiler default output file name
configure:4087: gcc    conftest.c  >&5
configure:4091: $? = 0
configure:4128: result: a.out
configure:4144: checking whether the C compiler works
configure:4153: ./a.out
configure:4157: $? = 0
configure:4172: result: yes
configure:4179: checking whether we are cross compiling
configure:4181: result: no
configure:4184: checking for suffix of executables
configure:4191: gcc -o conftest    conftest.c  >&5
configure:4195: $? = 0
configure:4217: result: 
configure:4223: checking for suffix of object files
configure:4245: gcc -c   conftest.c >&5
configure:4249: $? = 0
configure:4270: result: o
configure:4274: checking whether we are using the GNU C compiler
configure:4293: gcc -c   conftest.c >&5
configure:4293: $? = 0
configure:4302: result: yes
configure:4311: checking whether gcc accepts -g
configure:4331: gcc -c -g  conftest.c >&5
configure:4331: $? = 0
configure:4372: result: yes
configure:4389: checking for gcc option to accept ISO C89
configure:4453: gcc  -c -g -O2  conftest.c >&5
configure:4453: $? = 0
configure:4466: result: none needed
configure:4544: checking for g++
configure:4560: found /usr/lib/ccache/g++
configure:4571: result: g++
configure:4598: checking for C++ compiler version
configure:4607: g++ --version >&5
g++ (GCC) 4.4.3 20100127 (Red Hat 4.4.3-4)
Copyright (C) 2010 Free Software Foundation, Inc.
This is free software; see the source for copying conditions.  There is NO
warranty; not even for MERCHANTABILITY or FITNESS FOR A PARTICULAR PURPOSE.

configure:4618: $? = 0
configure:4607: g++ -v >&5
Using built-in specs.
Target: i686-redhat-linux
Configured with: ../configure --prefix=/usr --mandir=/usr/share/man --infodir=/usr/share/info --with-bugurl=http://bugzilla.redhat.com/bugzilla --enable-bootstrap --enable-shared --enable-threads=posix --enable-checking=release --with-system-zlib --enable-__cxa_atexit --disable-libunwind-exceptions --enable-gnu-unique-object --enable-languages=c,c++,objc,obj-c++,java,fortran,ada --enable-java-awt=gtk --disable-dssi --enable-plugin --with-java-home=/usr/lib/jvm/java-1.5.0-gcj-1.5.0.0/jre --enable-libgcj-multifile --enable-java-maintainer-mode --with-ecj-jar=/usr/share/java/eclipse-ecj.jar --disable-libjava-multilib --with-ppl --with-cloog --with-tune=generic --with-arch=i686 --build=i686-redhat-linux
Thread model: posix
gcc version 4.4.3 20100127 (Red Hat 4.4.3-4) (GCC) 
configure:4618: $? = 0
configure:4607: g++ -V >&5
g++: '-V' option must have argument
configure:4618: $? = 1
configure:4607: g++ -qversion >&5
g++: unrecognized option '-qversion'
g++: no input files
configure:4618: $? = 1
configure:4622: checking whether we are using the GNU C++ compiler
configure:4641: g++ -c   conftest.cpp >&5
configure:4641: $? = 0
configure:4650: result: yes
configure:4659: checking whether g++ accepts -g
configure:4679: g++ -c -g  conftest.cpp >&5
configure:4679: $? = 0
configure:4720: result: yes
configure:4809: checking for gnatbind
configure:4825: found /usr/bin/gnatbind
configure:4836: result: gnatbind
configure:4901: checking for gnatmake
configure:4917: found /usr/bin/gnatmake
configure:4928: result: gnatmake
configure:4950: checking whether compiler driver understands Ada
configure:4973: result: yes
configure:4982: checking how to compare bootstrapped objects
configure:5007: result: cmp --ignore-initial=16 $$f1 $$f2
configure:5079: checking for objdir
configure:5094: result: .libs
configure:5260: checking for the correct version of gmp.h
configure:5280: gcc -c -g -O2 -I/root/toolchain-install/lib_install/include -I/root/toolchain-install/lib_install/include -I/root/toolchain-install/lib_install/include   conftest.c >&5
configure:5280: $? = 0
configure:5298: gcc -c -g -O2 -I/root/toolchain-install/lib_install/include -I/root/toolchain-install/lib_install/include -I/root/toolchain-install/lib_install/include   conftest.c >&5
conftest.c: In function 'main':
conftest.c:18: error: 'choke' undeclared (first use in this function)
conftest.c:18: error: (Each undeclared identifier is reported only once
conftest.c:18: error: for each function it appears in.)
conftest.c:18: error: expected ';' before 'me'
configure:5298: $? = 1
configure: failed program was:
| /* confdefs.h */
| #define PACKAGE_NAME ""
| #define PACKAGE_TARNAME ""
| #define PACKAGE_VERSION ""
| #define PACKAGE_STRING ""
| #define PACKAGE_BUGREPORT ""
| #define PACKAGE_URL ""
| #define LT_OBJDIR ".libs/"
| /* end confdefs.h.  */
| #include <gmp.h>
| int
| main ()
| {
| 
|   #define GCC_GMP_VERSION_NUM(a,b,c) (((a) << 16L) | ((b) << 8) | (c))
|   #define GCC_GMP_VERSION GCC_GMP_VERSION_NUM(__GNU_MP_VERSION,__GNU_MP_VERSION_MINOR,__GNU_MP_VERSION_PATCHLEVEL)
|   #if GCC_GMP_VERSION < GCC_GMP_VERSION_NUM(4,3,2)
|   choke me
|   #endif
| 
|   ;
|   return 0;
| }
configure:5302: result: buggy but acceptable
configure:5315: checking for the correct version of mpfr.h
configure:5333: gcc -c -g -O2 -I/root/toolchain-install/lib_install/include -I/root/toolchain-install/lib_install/include -I/root/toolchain-install/lib_install/include   conftest.c >&5
configure:5333: $? = 0
configure:5350: gcc -c -g -O2 -I/root/toolchain-install/lib_install/include -I/root/toolchain-install/lib_install/include -I/root/toolchain-install/lib_install/include   conftest.c >&5
conftest.c: In function 'main':
conftest.c:17: error: 'choke' undeclared (first use in this function)
conftest.c:17: error: (Each undeclared identifier is reported only once
conftest.c:17: error: for each function it appears in.)
conftest.c:17: error: expected ';' before 'me'
configure:5350: $? = 1
configure: failed program was:
| /* confdefs.h */
| #define PACKAGE_NAME ""
| #define PACKAGE_TARNAME ""
| #define PACKAGE_VERSION ""
| #define PACKAGE_STRING ""
| #define PACKAGE_BUGREPORT ""
| #define PACKAGE_URL ""
| #define LT_OBJDIR ".libs/"
| /* end confdefs.h.  */
| #include <gmp.h>
|     #include <mpfr.h>
| int
| main ()
| {
| 
|     #if MPFR_VERSION < MPFR_VERSION_NUM(2,4,2)
|     choke me
|     #endif
| 
|   ;
|   return 0;
| }
configure:5354: result: buggy but acceptable
configure:5368: checking for the correct version of mpc.h
configure:5385: gcc -c -g -O2 -I/root/toolchain-install/lib_install/include -I/root/toolchain-install/lib_install/include -I/root/toolchain-install/lib_install/include   conftest.c >&5
configure:5385: $? = 0
configure:5401: gcc -c -g -O2 -I/root/toolchain-install/lib_install/include -I/root/toolchain-install/lib_install/include -I/root/toolchain-install/lib_install/include   conftest.c >&5
configure:5401: $? = 0
configure:5402: result: yes
configure:5420: checking for the correct version of the gmp/mpfr/mpc libraries
configure:5451: gcc -o conftest -g -O2 -I/root/toolchain-install/lib_install/include -I/root/toolchain-install/lib_install/include -I/root/toolchain-install/lib_install/include    conftest.c  -L/root/toolchain-install/lib_install/lib -L/root/toolchain-install/lib_install/lib -L/root/toolchain-install/lib_install/lib -lmpc -lmpfr -lgmp >&5
configure:5451: $? = 0
configure:5452: result: yes
configure:5636: checking for PWL_handle_timeout in -lpwl
configure:5661: gcc -o conftest -g -O2   conftest.c -lpwl    -lstdc++ -lm >&5
/usr/bin/ld: cannot find -lpwl
collect2: ld returned 1 exit status
configure:5661: $? = 1
configure: failed program was:
| /* confdefs.h */
| #define PACKAGE_NAME ""
| #define PACKAGE_TARNAME ""
| #define PACKAGE_VERSION ""
| #define PACKAGE_STRING ""
| #define PACKAGE_BUGREPORT ""
| #define PACKAGE_URL ""
| #define LT_OBJDIR ".libs/"
| /* end confdefs.h.  */
| 
| /* Override any GCC internal prototype to avoid an error.
|    Use char because int might match the return type of a GCC
|    builtin and then its argument prototype would still apply.  */
| #ifdef __cplusplus
| extern "C"
| #endif
| char PWL_handle_timeout ();
| int
| main ()
| {
| return PWL_handle_timeout ();
|   ;
|   return 0;
| }
configure:5670: result: no
configure:5684: checking for version 0.11 (revision 0 or later) of PPL
configure:5701: gcc -c -g -O2  -I/root/toolchain-install/lib_install/include -I/root/toolchain-install/lib_install/include -I/root/toolchain-install/lib_install/include   conftest.c >&5
conftest.c:10:19: error: ppl_c.h: No such file or directory
conftest.c: In function 'main':
conftest.c:16: error: 'choke' undeclared (first use in this function)
conftest.c:16: error: (Each undeclared identifier is reported only once
conftest.c:16: error: for each function it appears in.)
conftest.c:16: error: expected ';' before 'me'
configure:5701: $? = 1
configure: failed program was:
| /* confdefs.h */
| #define PACKAGE_NAME ""
| #define PACKAGE_TARNAME ""
| #define PACKAGE_VERSION ""
| #define PACKAGE_STRING ""
| #define PACKAGE_BUGREPORT ""
| #define PACKAGE_URL ""
| #define LT_OBJDIR ".libs/"
| /* end confdefs.h.  */
| #include "ppl_c.h"
| int
| main ()
| {
| 
|     #if PPL_VERSION_MAJOR != 0 || PPL_VERSION_MINOR < 11
|     choke me
|     #endif
| 
|   ;
|   return 0;
| }
configure:5705: result: no
